The system is: Windows - 10.0.17763 - AMD64
Compiling the C compiler identification source file "CMakeCCompilerId.c" succeeded.
Compiler: C:/Program Files (x86)/Microsoft Visual Studio/2019/Community/VC/Tools/MSVC/14.28.29333/bin/Hostx64/x64/cl.exe 
Build flags: 
Id flags:  

The output was:
0
Microsoft (R) C/C++ Optimizing Compiler Version 19.28.29337 for x64
Copyright (C) Microsoft Corporation.  All rights reserved.

CMakeCCompilerId.c
Microsoft (R) Incremental Linker Version 14.28.29337.0
Copyright (C) Microsoft Corporation.  All rights reserved.

/out:CMakeCCompilerId.exe 
CMakeCCompilerId.obj 


Compilation of the C compiler identification source "CMakeCCompilerId.c" produced "CMakeCCompilerId.exe"

Compilation of the C compiler identification source "CMakeCCompilerId.c" produced "CMakeCCompilerId.obj"

The C compiler identification is MSVC, found in "D:/A UDACITY ROBTOICS/[FCO] UDACITY - Robotics Software Engineer v1.0.0/projects of 2 terms/Navigation/2.WHere_am_i_localization/udacity_bot/out/build/x64-Debug (default)/CMakeFiles/3.18.20081302-MSVC_2/CompilerIdC/CMakeCCompilerId.exe"

Compiling the CXX compiler identification source file "CMakeCXXCompilerId.cpp" succeeded.
Compiler: C:/Program Files (x86)/Microsoft Visual Studio/2019/Community/VC/Tools/MSVC/14.28.29333/bin/Hostx64/x64/cl.exe 
Build flags: 
Id flags:  

The output was:
0
Microsoft (R) C/C++ Optimizing Compiler Version 19.28.29337 for x64
Copyright (C) Microsoft Corporation.  All rights reserved.

CMakeCXXCompilerId.cpp
Microsoft (R) Incremental Linker Version 14.28.29337.0
Copyright (C) Microsoft Corporation.  All rights reserved.

/out:CMakeCXXCompilerId.exe 
CMakeCXXCompilerId.obj 


Compilation of the CXX compiler identification source "CMakeCXXCompilerId.cpp" produced "CMakeCXXCompilerId.exe"

Compilation of the CXX compiler identification source "CMakeCXXCompilerId.cpp" produced "CMakeCXXCompilerId.obj"

The CXX compiler identification is MSVC, found in "D:/A UDACITY ROBTOICS/[FCO] UDACITY - Robotics Software Engineer v1.0.0/projects of 2 terms/Navigation/2.WHere_am_i_localization/udacity_bot/out/build/x64-Debug (default)/CMakeFiles/3.18.20081302-MSVC_2/CompilerIdCXX/CMakeCXXCompilerId.exe"

Detecting C compiler ABI info compiled with the following output:
Change Dir: D:/A UDACITY ROBTOICS/[FCO] UDACITY - Robotics Software Engineer v1.0.0/projects of 2 terms/Navigation/2.WHere_am_i_localization/udacity_bot/out/build/x64-Debug (default)/CMakeFiles/CMakeTmp

Run Build Command(s):C:/Program Files (x86)/Microsoft Visual Studio/2019/Community/Common7/IDE/CommonExtensions/Microsoft/CMake/Ninja/ninja.exe cmTC_9ee9f && [1/2] Building C object CMakeFiles\cmTC_9ee9f.dir\CMakeCCompilerABI.c.obj
[2/2] Linking C executable cmTC_9ee9f.exe



Detecting CXX compiler ABI info compiled with the following output:
Change Dir: D:/A UDACITY ROBTOICS/[FCO] UDACITY - Robotics Software Engineer v1.0.0/projects of 2 terms/Navigation/2.WHere_am_i_localization/udacity_bot/out/build/x64-Debug (default)/CMakeFiles/CMakeTmp

Run Build Command(s):C:/Program Files (x86)/Microsoft Visual Studio/2019/Community/Common7/IDE/CommonExtensions/Microsoft/CMake/Ninja/ninja.exe cmTC_17332 && [1/2] Building CXX object CMakeFiles\cmTC_17332.dir\CMakeCXXCompilerABI.cpp.obj
[2/2] Linking CXX executable cmTC_17332.exe



